<?xml version="1.0" encoding="UTF-8"?>
<!-- Generated by org.testng.reporters.JUnitReportReporter -->
<testsuite hostname="GOL2700" name="Test.Test1" tests="1" failures="0" timestamp="22 May 2015 06:43:15 GMT" time="0.009" errors="0">
  <testcase name="f" time="0.009" classname="Test.Test1"/>
</testsuite> <!-- Test.Test1 -->
