<?xml version="1.0" encoding="UTF-8"?>
<!-- Generated by org.testng.reporters.JUnitReportReporter -->
<testsuite hostname="PSGA0226" name="testCaseWeb.LeaveApply" tests="1" failures="0" timestamp="12 Sep 2014 04:51:49 GMT" time="76.230" errors="0">
  <testcase name="applyLeave" time="76.230" classname="testCaseWeb.LeaveApply"/>
</testsuite> <!-- testCaseWeb.LeaveApply -->
